C:\Users\RudiAndre\Desktop\KundeService\KundeService\KundeService\app\BrukerSprsml.js
C:\Users\RudiAndre\Desktop\KundeService\KundeService\KundeService\app\BrukerSprsml.js.map
C:\Users\RudiAndre\Desktop\KundeService\KundeService\KundeService\app\FAQ.js
C:\Users\RudiAndre\Desktop\KundeService\KundeService\KundeService\app\FAQ.js.map
C:\Users\RudiAndre\Desktop\KundeService\KundeService\KundeService\app\kundeservice.component.js
C:\Users\RudiAndre\Desktop\KundeService\KundeService\KundeService\app\kundeservice.component.js.map
C:\Users\RudiAndre\Desktop\KundeService\KundeService\KundeService\app\pipe.js
C:\Users\RudiAndre\Desktop\KundeService\KundeService\KundeService\app\pipe.js.map
C:\Users\RudiAndre\Desktop\KundeService\KundeService\KundeService\app\orderby.pipe.js
C:\Users\RudiAndre\Desktop\KundeService\KundeService\KundeService\app\orderby.pipe.js.map
C:\Users\RudiAndre\Desktop\KundeService\KundeService\KundeService\app\app.module.js
C:\Users\RudiAndre\Desktop\KundeService\KundeService\KundeService\app\app.module.js.map
C:\Users\RudiAndre\Desktop\KundeService\KundeService\KundeService\app\main.js
C:\Users\RudiAndre\Desktop\KundeService\KundeService\KundeService\app\main.js.map
C:\Users\RudiAndre\Desktop\KundeService\KundeService\KundeService\app\BrukerSprsml.js
C:\Users\RudiAndre\Desktop\KundeService\KundeService\KundeService\app\BrukerSprsml.js.map
C:\Users\RudiAndre\Desktop\KundeService\KundeService\KundeService\app\FAQ.js
C:\Users\RudiAndre\Desktop\KundeService\KundeService\KundeService\app\FAQ.js.map
C:\Users\RudiAndre\Desktop\KundeService\KundeService\KundeService\app\kundeservice.component.js
C:\Users\RudiAndre\Desktop\KundeService\KundeService\KundeService\app\kundeservice.component.js.map
C:\Users\RudiAndre\Desktop\KundeService\KundeService\KundeService\app\pipe.js
C:\Users\RudiAndre\Desktop\KundeService\KundeService\KundeService\app\pipe.js.map
C:\Users\RudiAndre\Desktop\KundeService\KundeService\KundeService\app\orderby.pipe.js
C:\Users\RudiAndre\Desktop\KundeService\KundeService\KundeService\app\orderby.pipe.js.map
C:\Users\RudiAndre\Desktop\KundeService\KundeService\KundeService\app\app.module.js
C:\Users\RudiAndre\Desktop\KundeService\KundeService\KundeService\app\app.module.js.map
C:\Users\RudiAndre\Desktop\KundeService\KundeService\KundeService\app\main.js
C:\Users\RudiAndre\Desktop\KundeService\KundeService\KundeService\app\main.js.map
C:\Users\RudiAndre\Desktop\KundeService\KundeService\KundeService\app\BrukerSprsml.js
C:\Users\RudiAndre\Desktop\KundeService\KundeService\KundeService\app\BrukerSprsml.js.map
C:\Users\RudiAndre\Desktop\KundeService\KundeService\KundeService\app\FAQ.js
C:\Users\RudiAndre\Desktop\KundeService\KundeService\KundeService\app\FAQ.js.map
C:\Users\RudiAndre\Desktop\KundeService\KundeService\KundeService\app\kundeservice.component.js
C:\Users\RudiAndre\Desktop\KundeService\KundeService\KundeService\app\kundeservice.component.js.map
C:\Users\RudiAndre\Desktop\KundeService\KundeService\KundeService\app\pipe.js
C:\Users\RudiAndre\Desktop\KundeService\KundeService\KundeService\app\pipe.js.map
C:\Users\RudiAndre\Desktop\KundeService\KundeService\KundeService\app\orderby.pipe.js
C:\Users\RudiAndre\Desktop\KundeService\KundeService\KundeService\app\orderby.pipe.js.map
C:\Users\RudiAndre\Desktop\KundeService\KundeService\KundeService\app\app.module.js
C:\Users\RudiAndre\Desktop\KundeService\KundeService\KundeService\app\app.module.js.map
C:\Users\RudiAndre\Desktop\KundeService\KundeService\KundeService\app\main.js
C:\Users\RudiAndre\Desktop\KundeService\KundeService\KundeService\app\main.js.map
C:\Users\RudiAndre\Desktop\KundeService\KundeService\KundeService\app\BrukerSprsml.js
C:\Users\RudiAndre\Desktop\KundeService\KundeService\KundeService\app\BrukerSprsml.js.map
C:\Users\RudiAndre\Desktop\KundeService\KundeService\KundeService\app\FAQ.js
C:\Users\RudiAndre\Desktop\KundeService\KundeService\KundeService\app\FAQ.js.map
C:\Users\RudiAndre\Desktop\KundeService\KundeService\KundeService\app\kundeservice.component.js
C:\Users\RudiAndre\Desktop\KundeService\KundeService\KundeService\app\kundeservice.component.js.map
C:\Users\RudiAndre\Desktop\KundeService\KundeService\KundeService\app\pipe.js
C:\Users\RudiAndre\Desktop\KundeService\KundeService\KundeService\app\pipe.js.map
C:\Users\RudiAndre\Desktop\KundeService\KundeService\KundeService\app\orderby.pipe.js
C:\Users\RudiAndre\Desktop\KundeService\KundeService\KundeService\app\orderby.pipe.js.map
C:\Users\RudiAndre\Desktop\KundeService\KundeService\KundeService\app\app.module.js
C:\Users\RudiAndre\Desktop\KundeService\KundeService\KundeService\app\app.module.js.map
C:\Users\RudiAndre\Desktop\KundeService\KundeService\KundeService\app\main.js
C:\Users\RudiAndre\Desktop\KundeService\KundeService\KundeService\app\main.js.map
C:\Users\RudiAndre\Desktop\KundeService\KundeService\KundeService\app\BrukerSprsml.js
C:\Users\RudiAndre\Desktop\KundeService\KundeService\KundeService\app\BrukerSprsml.js.map
C:\Users\RudiAndre\Desktop\KundeService\KundeService\KundeService\app\FAQ.js
C:\Users\RudiAndre\Desktop\KundeService\KundeService\KundeService\app\FAQ.js.map
C:\Users\RudiAndre\Desktop\KundeService\KundeService\KundeService\app\kundeservice.component.js
C:\Users\RudiAndre\Desktop\KundeService\KundeService\KundeService\app\kundeservice.component.js.map
C:\Users\RudiAndre\Desktop\KundeService\KundeService\KundeService\app\pipe.js
C:\Users\RudiAndre\Desktop\KundeService\KundeService\KundeService\app\pipe.js.map
C:\Users\RudiAndre\Desktop\KundeService\KundeService\KundeService\app\orderby.pipe.js
C:\Users\RudiAndre\Desktop\KundeService\KundeService\KundeService\app\orderby.pipe.js.map
C:\Users\RudiAndre\Desktop\KundeService\KundeService\KundeService\app\app.module.js
C:\Users\RudiAndre\Desktop\KundeService\KundeService\KundeService\app\app.module.js.map
C:\Users\RudiAndre\Desktop\KundeService\KundeService\KundeService\app\main.js
C:\Users\RudiAndre\Desktop\KundeService\KundeService\KundeService\app\main.js.map
D:\Dokumenter\Skole Dataingeniør\5. semester\Webapplikasjoner\Oblig 3\KundeService\KundeService\app\BrukerSprsml.js
D:\Dokumenter\Skole Dataingeniør\5. semester\Webapplikasjoner\Oblig 3\KundeService\KundeService\app\BrukerSprsml.js.map
D:\Dokumenter\Skole Dataingeniør\5. semester\Webapplikasjoner\Oblig 3\KundeService\KundeService\app\FAQ.js
D:\Dokumenter\Skole Dataingeniør\5. semester\Webapplikasjoner\Oblig 3\KundeService\KundeService\app\FAQ.js.map
D:\Dokumenter\Skole Dataingeniør\5. semester\Webapplikasjoner\Oblig 3\KundeService\KundeService\app\kundeservice.component.js
D:\Dokumenter\Skole Dataingeniør\5. semester\Webapplikasjoner\Oblig 3\KundeService\KundeService\app\kundeservice.component.js.map
D:\Dokumenter\Skole Dataingeniør\5. semester\Webapplikasjoner\Oblig 3\KundeService\KundeService\app\pipe.js
D:\Dokumenter\Skole Dataingeniør\5. semester\Webapplikasjoner\Oblig 3\KundeService\KundeService\app\pipe.js.map
D:\Dokumenter\Skole Dataingeniør\5. semester\Webapplikasjoner\Oblig 3\KundeService\KundeService\app\orderby.pipe.js
D:\Dokumenter\Skole Dataingeniør\5. semester\Webapplikasjoner\Oblig 3\KundeService\KundeService\app\orderby.pipe.js.map
D:\Dokumenter\Skole Dataingeniør\5. semester\Webapplikasjoner\Oblig 3\KundeService\KundeService\app\app.module.js
D:\Dokumenter\Skole Dataingeniør\5. semester\Webapplikasjoner\Oblig 3\KundeService\KundeService\app\app.module.js.map
D:\Dokumenter\Skole Dataingeniør\5. semester\Webapplikasjoner\Oblig 3\KundeService\KundeService\app\main.js
D:\Dokumenter\Skole Dataingeniør\5. semester\Webapplikasjoner\Oblig 3\KundeService\KundeService\app\main.js.map
